app/build/outputs/logs/manifest-merger-debug-report.txt
-- Merging decision tree log ---
manifest
ADDED from src\main\AndroidManifest.xml:2:1-102:12
	package
		ADDED from src\main\AndroidManifest.xml:3:11-38
		INJECTED from src\main\AndroidManifest.xml
		INJECTED from src\main\AndroidManifest.xml
	android:versionName
		ADDED from src\main\AndroidManifest.xml:5:11-36
		INJECTED from src\main\AndroidManifest.xml
		INJECTED from src\main\AndroidManifest.xml
	android:versionCode
		ADDED from src\main\AndroidManifest.xml:4:11-34
		INJECTED from src\main\AndroidManifest.xml
		INJECTED from src\main\AndroidManifest.xml
	xmlns:android
		ADDED from src\main\AndroidManifest.xml:2:11-69
uses-sdk
ADDED from src\main\AndroidManifest.xml:7:5-9:40
	android:targetSdkVersion
		ADDED from src\main\AndroidManifest.xml:9:9-38
		INJECTED from src\main\AndroidManifest.xml
		INJECTED from src\main\AndroidManifest.xml
	android:minSdkVersion
		ADDED from src\main\AndroidManifest.xml:8:9-35
		INJECTED from src\main\AndroidManifest.xml
		INJECTED from src\main\AndroidManifest.xml
uses-permission#android.permission.ACCESS_COARSE_LOCATION
ADDED from src\main\AndroidManifest.xml:11:5-12:23
	android:name
		ADDED from src\main\AndroidManifest.xml:11:22-78
uses-permission#android.permission.ACCESS_FINE_LOCATION
ADDED from src\main\AndroidManifest.xml:14:5-15:23
	android:name
		ADDED from src\main\AndroidManifest.xml:14:22-76
uses-permission#android.permission.ACCESS_WIFI_STATE
ADDED from src\main\AndroidManifest.xml:17:5-18:23
	android:name
		ADDED from src\main\AndroidManifest.xml:17:22-73
uses-permission#android.permission.ACCESS_NETWORK_STATE
ADDED from src\main\AndroidManifest.xml:20:5-21:23
	android:name
		ADDED from src\main\AndroidManifest.xml:20:22-76
uses-permission#android.permission.CHANGE_WIFI_STATE
ADDED from src\main\AndroidManifest.xml:23:5-24:23
	android:name
		ADDED from src\main\AndroidManifest.xml:23:22-73
uses-permission#android.permission.READ_PHONE_STATE
ADDED from src\main\AndroidManifest.xml:26:5-27:23
	android:name
		ADDED from src\main\AndroidManifest.xml:26:22-72
uses-permission#android.permission.WRITE_EXTERNAL_STORAGE
ADDED from src\main\AndroidManifest.xml:29:5-30:23
	android:name
		ADDED from src\main\AndroidManifest.xml:29:22-78
uses-permission#android.permission.INTERNET
ADDED from src\main\AndroidManifest.xml:32:5-66
	android:name
		ADDED from src\main\AndroidManifest.xml:32:22-64
uses-permission#android.permission.MOUNT_UNMOUNT_FILESYSTEMS
ADDED from src\main\AndroidManifest.xml:34:5-83
	android:name
		ADDED from src\main\AndroidManifest.xml:34:22-81
uses-permission#android.permission.READ_LOGS
ADDED from src\main\AndroidManifest.xml:36:5-67
	android:name
		ADDED from src\main\AndroidManifest.xml:36:22-65
uses-permission#android.permission.VIBRATE
ADDED from src\main\AndroidManifest.xml:37:5-65
	android:name
		ADDED from src\main\AndroidManifest.xml:37:22-63
uses-permission#android.permission.CAMERA
ADDED from src\main\AndroidManifest.xml:38:5-64
	android:name
		ADDED from src\main\AndroidManifest.xml:38:22-62
uses-permission#android.permission.camera
ADDED from src\main\AndroidManifest.xml:39:5-64
	android:name
		ADDED from src\main\AndroidManifest.xml:39:22-62
uses-permission#android.permission.DOWNLOAD_WITHOUT_NOTIFICATION
ADDED from src\main\AndroidManifest.xml:40:5-87
	android:name
		ADDED from src\main\AndroidManifest.xml:40:22-85
uses-feature#android.hardware.camera
ADDED from src\main\AndroidManifest.xml:42:5-59
	android:name
		ADDED from src\main\AndroidManifest.xml:42:19-57
uses-feature#android.hardware.camera.autofocus
ADDED from src\main\AndroidManifest.xml:43:5-69
	android:name
		ADDED from src\main\AndroidManifest.xml:43:19-67
application
ADDED from src\main\AndroidManifest.xml:45:5-100:19
	android:label
		ADDED from src\main\AndroidManifest.xml:48:9-41
	android:allowBackup
		ADDED from src\main\AndroidManifest.xml:46:9-35
	android:icon
		ADDED from src\main\AndroidManifest.xml:47:9-42
activity#com.grgbanking.ct.LoginActivity
ADDED from src\main\AndroidManifest.xml:49:9-56:20
	android:label
		ADDED from src\main\AndroidManifest.xml:51:13-45
	android:name
		ADDED from src\main\AndroidManifest.xml:50:13-59
intent-filter#android.intent.action.MAIN+android.intent.category.LAUNCHER
ADDED from src\main\AndroidManifest.xml:52:13-55:29
action#android.intent.action.MAIN
ADDED from src\main\AndroidManifest.xml:53:17-68
	android:name
		ADDED from src\main\AndroidManifest.xml:53:25-66
category#android.intent.category.LAUNCHER
ADDED from src\main\AndroidManifest.xml:54:17-76
	android:name
		ADDED from src\main\AndroidManifest.xml:54:27-74
activity#com.grgbanking.ct.MainActivity
ADDED from src\main\AndroidManifest.xml:57:9-59:47
	android:label
		ADDED from src\main\AndroidManifest.xml:59:13-45
	android:name
		ADDED from src\main\AndroidManifest.xml:58:13-58
activity#com.grgbanking.ct.DetailActivity
ADDED from src\main\AndroidManifest.xml:60:9-63:69
	android:label
		ADDED from src\main\AndroidManifest.xml:62:13-45
	android:windowSoftInputMode
		ADDED from src\main\AndroidManifest.xml:63:13-67
	android:name
		ADDED from src\main\AndroidManifest.xml:61:13-60
activity#com.grgbanking.ct.page.CaptureActivity
ADDED from src\main\AndroidManifest.xml:64:9-66:47
	android:label
		ADDED from src\main\AndroidManifest.xml:66:13-45
	android:name
		ADDED from src\main\AndroidManifest.xml:65:13-66
activity#com.grgbanking.ct.NetOutInActivity
ADDED from src\main\AndroidManifest.xml:67:9-69:47
	android:label
		ADDED from src\main\AndroidManifest.xml:69:13-45
	android:name
		ADDED from src\main\AndroidManifest.xml:68:13-62
activity#com.grgbanking.ct.PeixiangActivity
ADDED from src\main\AndroidManifest.xml:70:9-72:47
	android:label
		ADDED from src\main\AndroidManifest.xml:72:13-45
	android:name
		ADDED from src\main\AndroidManifest.xml:71:13-62
activity#com.grgbanking.ct.PeixiangdtActivity
ADDED from src\main\AndroidManifest.xml:73:9-75:47
	android:label
		ADDED from src\main\AndroidManifest.xml:75:13-45
	android:name
		ADDED from src\main\AndroidManifest.xml:74:13-64
activity#com.grgbanking.ct.qcode.QcodeActivity
ADDED from src\main\AndroidManifest.xml:76:9-78:35
	android:label
		ADDED from src\main\AndroidManifest.xml:78:13-33
	android:name
		ADDED from src\main\AndroidManifest.xml:77:13-65
activity#com.grgbanking.ct.qcode.ScanActivity
ADDED from src\main\AndroidManifest.xml:79:9-81:35
	android:label
		ADDED from src\main\AndroidManifest.xml:81:13-33
	android:name
		ADDED from src\main\AndroidManifest.xml:80:13-47
service#com.grgbanking.ct.service.GrgbankService
ADDED from src\main\AndroidManifest.xml:83:9-75
	android:name
		ADDED from src\main\AndroidManifest.xml:83:18-73
receiver#com.grgbanking.ct.service.StartReceiver
ADDED from src\main\AndroidManifest.xml:85:9-90:20
	android:name
		ADDED from src\main\AndroidManifest.xml:85:19-73
intent-filter#android.intent.action.BOOT_COMPLETED+android.intent.category.LAUNCHER
ADDED from src\main\AndroidManifest.xml:86:13-89:29
action#android.intent.action.BOOT_COMPLETED
ADDED from src\main\AndroidManifest.xml:87:17-78
	android:name
		ADDED from src\main\AndroidManifest.xml:87:25-76
service#com.baidu.location.f
ADDED from src\main\AndroidManifest.xml:92:9-95:40
	android:enabled
		ADDED from src\main\AndroidManifest.xml:94:13-35
	android:process
		ADDED from src\main\AndroidManifest.xml:95:13-38
	android:name
		ADDED from src\main\AndroidManifest.xml:93:13-48
meta-data#com.baidu.lbsapi.API_KEY
ADDED from src\main\AndroidManifest.xml:97:9-99:55
	android:value
		ADDED from src\main\AndroidManifest.xml:99:13-53
	android:name
		ADDED from src\main\AndroidManifest.xml:98:13-52